[debug] [2018-03-13T18:03:14.911Z] ----------------------------------------------------------------------
[debug] [2018-03-13T18:03:14.911Z] Command:       C:\Program Files\nodejs\node.exe C:\Users\andres\AppData\Roaming\npm\node_modules\firebase-tools\bin\firebase deploy
[debug] [2018-03-13T18:03:14.911Z] CLI Version:   3.17.6
[debug] [2018-03-13T18:03:14.911Z] Platform:      win32
[debug] [2018-03-13T18:03:14.911Z] Node Version:  v8.9.4
[debug] [2018-03-13T18:03:14.911Z] Time:          Tue Mar 13 2018 13:03:14 GMT-0500 (Hora est. Pacífico, Sudamérica)
[debug] [2018-03-13T18:03:14.911Z] ----------------------------------------------------------------------
[debug] 
[debug] [2018-03-13T18:03:14.942Z] > command requires scopes: ["email","openid","https://www.googleapis.com/auth/cloudplatformprojects.readonly","https://www.googleapis.com/auth/firebase","https://www.googleapis.com/auth/cloud-platform"]
[debug] [2018-03-13T18:03:14.942Z] > authorizing via signed-in user
[debug] [2018-03-13T18:03:14.942Z] > refreshing access token with scopes: ["email","https://www.googleapis.com/auth/cloud-platform","https://www.googleapis.com/auth/cloudplatformprojects.readonly","https://www.googleapis.com/auth/firebase","openid"]
[debug] [2018-03-13T18:03:14.942Z] >>> HTTP REQUEST POST https://www.googleapis.com/oauth2/v3/token  
 { refresh_token: '1/BvX9ObPbjGNTQPH2kS_okn6gMjeFnVBsagHB90SX2z8',
  client_id: '563584335869-fgrhgmd47bqnekij5i8b5pr03ho849e6.apps.googleusercontent.com',
  client_secret: 'j9iVZfS8kkCEFUPaAeJV0sAi',
  grant_type: 'refresh_token',
  scope: 'email https://www.googleapis.com/auth/cloud-platform https://www.googleapis.com/auth/cloudplatformprojects.readonly https://www.googleapis.com/auth/firebase openid' } 
 Tue Mar 13 2018 13:03:14 GMT-0500 (Hora est. Pacífico, Sudamérica)
[debug] [2018-03-13T18:03:15.280Z] <<< HTTP RESPONSE 200
[debug] [2018-03-13T18:03:15.296Z] >>> HTTP REQUEST GET https://admin.firebase.com/v1/projects/recargas-b89c9  
  
 Tue Mar 13 2018 13:03:15 GMT-0500 (Hora est. Pacífico, Sudamérica)
